<?xml version="1.0" encoding="UTF-8"?>
<!-- Generated by org.testng.reporters.JUnitReportReporter -->
<testsuite skipped="0" hostname="W1013WDSQ2" name="ReadPDFFile.ReadPDFFile.DownloadPdf" tests="1" failures="0" timestamp="30 Oct 2020 10:15:46 GMT" time="4.054" errors="0">
  <testcase name="downloadPdf" time="4.054" classname="ReadPDFFile.ReadPDFFile.DownloadPdf"/>
</testsuite> <!-- ReadPDFFile.ReadPDFFile.DownloadPdf -->
