<?xml version="1.0" encoding="UTF-8"?>
<!-- Generated by org.testng.reporters.JUnitReportReporter -->
<testsuite skipped="0" hostname="W1013WDSQ2" name="ReadPDFFile.ReadPDFFile.PDFReader" tests="1" failures="0" timestamp="30 Oct 2020 10:08:27 GMT" time="10.217" errors="0">
  <testcase name="verifyContentInPDf" time="10.217" classname="ReadPDFFile.ReadPDFFile.PDFReader"/>
</testsuite> <!-- ReadPDFFile.ReadPDFFile.PDFReader -->
